Start testing: Mar 15 18:44 CST
----------------------------------------------------------
27/163 Testing: t_webget
27/163 Test: t_webget
Command: "/home/suen/Work/CS144_lab/tests/webget_t.sh"
Directory: /home/suen/Work/CS144_lab/build
"t_webget" start time: Mar 15 18:44 CST
Output:
----------------------------------------------------------
HTTP/1.1 200 OK
Date: Mon, 15 Mar 2021 10:44:55 GMT
Server: Apache
Content-Length: 44
Content-Type: text/plain

QWx0NhMPkoM/bJr/ohvHXlviFhOyYrYb+qqdOnwLYo4
<end of output>
Test time =   1.81 sec
----------------------------------------------------------
Test Passed.
"t_webget" end time: Mar 15 18:44 CST
"t_webget" time elapsed: 00:00:01
----------------------------------------------------------

End testing: Mar 15 18:44 CST
